2012/08/24 05:42:01 [info] [application] dddddddddddddddd
in F:\build\pesxp\Server\pesxp\protected\components\UcApplication.php (60)
in F:\build\pesxp\Server\pesxp\protected\components\UcApplication.php (25)
in F:\build\pesxp\Server\pesxp\protected\components\UcApplication.php (17)
2012/08/25 12:11:21 [error] [php] Undefined variable: model (F:\build\pesxp\Server\pesxp\protected\components\views\CLoginView.php:10)
Stack trace:
#0 F:\build\pesxp\Server\pesxp\yii\framework\web\widgets\CWidget.php(244): CViewComponent->renderFile()
#1 F:\build\pesxp\Server\pesxp\protected\components\CViewComponent.php(19): CViewComponent->render()
#2 F:\build\pesxp\Server\pesxp\yii\framework\web\CBaseController.php(174): CViewComponent->run()
#3 F:\build\pesxp\Server\pesxp\protected\views\layouts\main.php(32): SiteController->widget()
#4 F:\build\pesxp\Server\pesxp\yii\framework\web\CBaseController.php(127): require()
#5 F:\build\pesxp\Server\pesxp\yii\framework\web\CBaseController.php(96): SiteController->renderInternal()
#6 F:\build\pesxp\Server\pesxp\yii\framework\web\CController.php(785): SiteController->renderFile()
#7 F:\build\pesxp\Server\pesxp\protected\controllers\SiteController.php(32): SiteController->render()
#8 F:\build\pesxp\Server\pesxp\yii\framework\web\actions\CInlineAction.php(50): SiteController->actionIndex()
#9 F:\build\pesxp\Server\pesxp\yii\framework\web\CController.php(309): CInlineAction->runWithParams()
#10 F:\build\pesxp\Server\pesxp\yii\framework\web\CController.php(287): SiteController->runAction()
#11 F:\build\pesxp\Server\pesxp\yii\framework\web\CController.php(266): SiteController->runActionWithFilters()
#12 F:\build\pesxp\Server\pesxp\yii\framework\web\CWebApplication.php(276): SiteController->run()
#13 F:\build\pesxp\Server\pesxp\yii\framework\web\CWebApplication.php(135): CWebApplication->runController()
#14 F:\build\pesxp\Server\pesxp\yii\framework\base\CApplication.php(162): CWebApplication->processRequest()
#15 F:\build\pesxp\Server\pesxp\index.php(16): CWebApplication->run()
REQUEST_URI=/
in F:\build\pesxp\Server\pesxp\protected\components\views\CLoginView.php (10)
in F:\build\pesxp\Server\pesxp\protected\components\CViewComponent.php (19)
in F:\build\pesxp\Server\pesxp\protected\views\layouts\main.php (32)
2012/08/25 12:13:32 [error] [php] get_class() expects parameter 1 to be object, string given (F:\build\pesxp\Server\pesxp\yii\framework\web\helpers\CHtml.php:2009)
Stack trace:
#0 F:\build\pesxp\Server\pesxp\yii\framework\web\widgets\CActiveForm.php(560): activeLabelEx()
#1 F:\build\pesxp\Server\pesxp\protected\components\views\CLoginView.php(10): CActiveForm->labelEx()
#2 F:\build\pesxp\Server\pesxp\yii\framework\web\CBaseController.php(131): require()
#3 F:\build\pesxp\Server\pesxp\yii\framework\web\CBaseController.php(96): CViewComponent->renderInternal()
#4 F:\build\pesxp\Server\pesxp\yii\framework\web\widgets\CWidget.php(244): CViewComponent->renderFile()
#5 F:\build\pesxp\Server\pesxp\protected\components\CViewComponent.php(19): CViewComponent->render()
#6 F:\build\pesxp\Server\pesxp\yii\framework\web\CBaseController.php(174): CViewComponent->run()
#7 F:\build\pesxp\Server\pesxp\protected\views\layouts\main.php(35): SiteController->widget()
#8 F:\build\pesxp\Server\pesxp\yii\framework\web\CBaseController.php(127): require()
#9 F:\build\pesxp\Server\pesxp\yii\framework\web\CBaseController.php(96): SiteController->renderInternal()
#10 F:\build\pesxp\Server\pesxp\yii\framework\web\CController.php(785): SiteController->renderFile()
#11 F:\build\pesxp\Server\pesxp\protected\controllers\SiteController.php(32): SiteController->render()
#12 F:\build\pesxp\Server\pesxp\yii\framework\web\actions\CInlineAction.php(50): SiteController->actionIndex()
#13 F:\build\pesxp\Server\pesxp\yii\framework\web\CController.php(309): CInlineAction->runWithParams()
#14 F:\build\pesxp\Server\pesxp\yii\framework\web\CController.php(287): SiteController->runAction()
#15 F:\build\pesxp\Server\pesxp\yii\framework\web\CController.php(266): SiteController->runActionWithFilters()
#16 F:\build\pesxp\Server\pesxp\yii\framework\web\CWebApplication.php(276): SiteController->run()
#17 F:\build\pesxp\Server\pesxp\yii\framework\web\CWebApplication.php(135): CWebApplication->runController()
#18 F:\build\pesxp\Server\pesxp\yii\framework\base\CApplication.php(162): CWebApplication->processRequest()
#19 F:\build\pesxp\Server\pesxp\index.php(16): CWebApplication->run()
REQUEST_URI=/
in F:\build\pesxp\Server\pesxp\protected\components\views\CLoginView.php (10)
in F:\build\pesxp\Server\pesxp\protected\components\CViewComponent.php (19)
in F:\build\pesxp\Server\pesxp\protected\views\layouts\main.php (35)
2012/08/25 12:14:39 [error] [php] Undefined variable: model (F:\build\pesxp\Server\pesxp\protected\views\layouts\main.php:33)
Stack trace:
#0 F:\build\pesxp\Server\pesxp\yii\framework\web\CController.php(785): SiteController->renderFile()
#1 F:\build\pesxp\Server\pesxp\protected\controllers\SiteController.php(31): SiteController->render()
#2 F:\build\pesxp\Server\pesxp\yii\framework\web\actions\CInlineAction.php(50): SiteController->actionIndex()
#3 F:\build\pesxp\Server\pesxp\yii\framework\web\CController.php(309): CInlineAction->runWithParams()
#4 F:\build\pesxp\Server\pesxp\yii\framework\web\CController.php(287): SiteController->runAction()
#5 F:\build\pesxp\Server\pesxp\yii\framework\web\CController.php(266): SiteController->runActionWithFilters()
#6 F:\build\pesxp\Server\pesxp\yii\framework\web\CWebApplication.php(276): SiteController->run()
#7 F:\build\pesxp\Server\pesxp\yii\framework\web\CWebApplication.php(135): CWebApplication->runController()
#8 F:\build\pesxp\Server\pesxp\yii\framework\base\CApplication.php(162): CWebApplication->processRequest()
#9 F:\build\pesxp\Server\pesxp\index.php(16): CWebApplication->run()
REQUEST_URI=/
in F:\build\pesxp\Server\pesxp\protected\views\layouts\main.php (33)
in F:\build\pesxp\Server\pesxp\protected\controllers\SiteController.php (31)
in F:\build\pesxp\Server\pesxp\index.php (16)
2012/08/25 13:52:11 [error] [php] get_class() expects parameter 1 to be object, string given (F:\build\pesxp\Server\pesxp\yii\framework\web\helpers\CHtml.php:2009)
Stack trace:
#0 F:\build\pesxp\Server\pesxp\yii\framework\web\widgets\CActiveForm.php(560): activeLabelEx()
#1 F:\build\pesxp\Server\pesxp\protected\components\views\CLoginView.php(10): CActiveForm->labelEx()
#2 F:\build\pesxp\Server\pesxp\yii\framework\web\CBaseController.php(131): require()
#3 F:\build\pesxp\Server\pesxp\yii\framework\web\CBaseController.php(96): CViewComponent->renderInternal()
#4 F:\build\pesxp\Server\pesxp\yii\framework\web\widgets\CWidget.php(244): CViewComponent->renderFile()
#5 F:\build\pesxp\Server\pesxp\protected\components\CViewComponent.php(19): CViewComponent->render()
#6 F:\build\pesxp\Server\pesxp\yii\framework\web\CBaseController.php(174): CViewComponent->run()
#7 F:\build\pesxp\Server\pesxp\protected\views\site\index.php(19): SiteController->widget()
#8 F:\build\pesxp\Server\pesxp\yii\framework\web\CBaseController.php(127): require()
#9 F:\build\pesxp\Server\pesxp\yii\framework\web\CBaseController.php(96): SiteController->renderInternal()
#10 F:\build\pesxp\Server\pesxp\yii\framework\web\CController.php(870): SiteController->renderFile()
#11 F:\build\pesxp\Server\pesxp\yii\framework\web\CController.php(783): SiteController->renderPartial()
#12 F:\build\pesxp\Server\pesxp\protected\controllers\SiteController.php(37): SiteController->render()
#13 F:\build\pesxp\Server\pesxp\yii\framework\web\actions\CInlineAction.php(50): SiteController->actionIndex()
#14 F:\build\pesxp\Server\pesxp\yii\framework\web\CController.php(309): CInlineAction->runWithParams()
#15 F:\build\pesxp\Server\pesxp\yii\framework\web\CController.php(287): SiteController->runAction()
#16 F:\build\pesxp\Server\pesxp\yii\framework\web\CController.php(266): SiteController->runActionWithFilters()
#17 F:\build\pesxp\Server\pesxp\yii\framework\web\CWebApplication.php(276): SiteController->run()
#18 F:\build\pesxp\Server\pesxp\yii\framework\web\CWebApplication.php(135): CWebApplication->runController()
#19 F:\build\pesxp\Server\pesxp\yii\framework\base\CApplication.php(162): CWebApplication->processRequest()
#20 F:\build\pesxp\Server\pesxp\index.php(16): CWebApplication->run()
REQUEST_URI=/
in F:\build\pesxp\Server\pesxp\protected\components\views\CLoginView.php (10)
in F:\build\pesxp\Server\pesxp\protected\components\CViewComponent.php (19)
in F:\build\pesxp\Server\pesxp\protected\views\site\index.php (19)
2012/08/25 14:38:01 [error] [exception.CException] exception 'CException' with message 'SiteController has an extra endWidget() call in its view.' in F:\build\pesxp\Server\pesxp\yii\framework\web\CBaseController.php:211
Stack trace:
#0 F:\build\pesxp\Server\pesxp\protected\views\site\login.php(23): CBaseController->endWidget()
#1 F:\build\pesxp\Server\pesxp\yii\framework\web\CBaseController.php(127): require('F:\build\pesxp\...')
#2 F:\build\pesxp\Server\pesxp\yii\framework\web\CBaseController.php(96): CBaseController->renderInternal('F:\build\pesxp\...', Array, true)
#3 F:\build\pesxp\Server\pesxp\yii\framework\web\CController.php(870): CBaseController->renderFile('F:\build\pesxp\...', Array, true)
#4 F:\build\pesxp\Server\pesxp\yii\framework\web\CController.php(783): CController->renderPartial('login', Array, true)
#5 F:\build\pesxp\Server\pesxp\protected\controllers\SiteController.php(109): CController->render('login', Array)
#6 F:\build\pesxp\Server\pesxp\yii\framework\web\actions\CInlineAction.php(50): SiteController->actionLogin()
#7 F:\build\pesxp\Server\pesxp\yii\framework\web\CController.php(309): CInlineAction->runWithParams(Array)
#8 F:\build\pesxp\Server\pesxp\yii\framework\web\CController.php(287): CController->runAction(Object(CInlineAction))
#9 F:\build\pesxp\Server\pesxp\yii\framework\web\CController.php(266): CController->runActionWithFilters(Object(CInlineAction), Array)
#10 F:\build\pesxp\Server\pesxp\yii\framework\web\CWebApplication.php(276): CController->run('login')
#11 F:\build\pesxp\Server\pesxp\yii\framework\web\CWebApplication.php(135): CWebApplication->runController('site/login')
#12 F:\build\pesxp\Server\pesxp\yii\framework\base\CApplication.php(162): CWebApplication->processRequest()
#13 F:\build\pesxp\Server\pesxp\index.php(16): CApplication->run()
#14 {main}
REQUEST_URI=/index.php/site/login
HTTP_REFERER=http://www.pesxp.cn/index.php/site/page?view=about
---
2012/08/25 09:19:34 [info] [application] dddddddddddddddd
in F:\build\pesxp\Server\pesxp\protected\components\UcApplication.php (60)
in F:\build\pesxp\Server\pesxp\protected\components\UcApplication.php (25)
in F:\build\pesxp\Server\pesxp\protected\components\UcApplication.php (17)
2012/08/25 09:19:34 [error] [php] include(UcUserIdentity.php) [<a href='function.include'>function.include</a>]: failed to open stream: No such file or directory (F:\build\pesxp\Server\pesxp\yii\framework\YiiBase.php:418)
Stack trace:
#0 F:\build\pesxp\Server\pesxp\protected\controllers\UcController.php(71): spl_autoload_call()
#1 F:\build\pesxp\Server\pesxp\yii\framework\web\actions\CInlineAction.php(50): UcController->actionSynlogin()
#2 F:\build\pesxp\Server\pesxp\yii\framework\web\CController.php(309): CInlineAction->runWithParams()
#3 F:\build\pesxp\Server\pesxp\yii\framework\web\CController.php(287): UcController->runAction()
#4 F:\build\pesxp\Server\pesxp\yii\framework\web\CController.php(266): UcController->runActionWithFilters()
#5 F:\build\pesxp\Server\pesxp\yii\framework\web\CWebApplication.php(276): UcController->run()
#6 F:\build\pesxp\Server\pesxp\protected\components\UcApplication.php(55): UcApplication->runController()
#7 F:\build\pesxp\Server\pesxp\yii\framework\base\CApplication.php(162): UcApplication->processRequest()
#8 F:\build\pesxp\Server\pesxp\api\uc.php(35): UcApplication->run()
REQUEST_URI=/api/uc.php?time=1345879174&code=8333YSDLGOq2xwcIHM8YBeF8YzYNagCG9BBdNHugiK6D6AP5T0nyppyGqO9Ni9p0dng7Ct8ynr%2F9%2FRwibTNWM6q4XR0U%2Bu9uBxuwIrkBMSAEjmUZNMdFmaMoxdJnn2Xqo8inf7sB317x3HjjmXouUFHZ9dT6eRFb6b2j
in F:\build\pesxp\Server\pesxp\protected\controllers\UcController.php (71)
in F:\build\pesxp\Server\pesxp\protected\components\UcApplication.php (55)
in F:\build\pesxp\Server\pesxp\api\uc.php (35)
2012/08/25 09:19:35 [info] [application] dddddddddddddddd
in F:\build\pesxp\Server\pesxp\protected\components\UcApplication.php (60)
in F:\build\pesxp\Server\pesxp\protected\components\UcApplication.php (25)
in F:\build\pesxp\Server\pesxp\protected\components\UcApplication.php (17)
2012/08/25 09:19:35 [error] [php] include(UcUserIdentity.php) [<a href='function.include'>function.include</a>]: failed to open stream: No such file or directory (F:\build\pesxp\Server\pesxp\yii\framework\YiiBase.php:418)
Stack trace:
#0 F:\build\pesxp\Server\pesxp\protected\controllers\UcController.php(71): spl_autoload_call()
#1 F:\build\pesxp\Server\pesxp\yii\framework\web\actions\CInlineAction.php(50): UcController->actionSynlogin()
#2 F:\build\pesxp\Server\pesxp\yii\framework\web\CController.php(309): CInlineAction->runWithParams()
#3 F:\build\pesxp\Server\pesxp\yii\framework\web\CController.php(287): UcController->runAction()
#4 F:\build\pesxp\Server\pesxp\yii\framework\web\CController.php(266): UcController->runActionWithFilters()
#5 F:\build\pesxp\Server\pesxp\yii\framework\web\CWebApplication.php(276): UcController->run()
#6 F:\build\pesxp\Server\pesxp\protected\components\UcApplication.php(55): UcApplication->runController()
#7 F:\build\pesxp\Server\pesxp\yii\framework\base\CApplication.php(162): UcApplication->processRequest()
#8 F:\build\pesxp\Server\pesxp\api\uc.php(35): UcApplication->run()
REQUEST_URI=/api/uc.php?time=1345879174&code=8333YSDLGOq2xwcIHM8YBeF8YzYNagCG9BBdNHugiK6D6AP5T0nyppyGqO9Ni9p0dng7Ct8ynr%2F9%2FRwibTNWM6q4XR0U%2Bu9uBxuwIrkBMSAEjmUZNMdFmaMoxdJnn2Xqo8inf7sB317x3HjjmXouUFHZ9dT6eRFb6b2j
in F:\build\pesxp\Server\pesxp\protected\controllers\UcController.php (71)
in F:\build\pesxp\Server\pesxp\protected\components\UcApplication.php (55)
in F:\build\pesxp\Server\pesxp\api\uc.php (35)
2012/08/25 09:19:50 [info] [application] dddddddddddddddd
in F:\build\pesxp\Server\pesxp\protected\components\UcApplication.php (60)
in F:\build\pesxp\Server\pesxp\protected\components\UcApplication.php (25)
in F:\build\pesxp\Server\pesxp\protected\components\UcApplication.php (17)
2012/08/25 09:19:50 [error] [php] include(UcUserIdentity.php) [<a href='function.include'>function.include</a>]: failed to open stream: No such file or directory (F:\build\pesxp\Server\pesxp\yii\framework\YiiBase.php:418)
Stack trace:
#0 F:\build\pesxp\Server\pesxp\protected\controllers\UcController.php(71): spl_autoload_call()
#1 F:\build\pesxp\Server\pesxp\yii\framework\web\actions\CInlineAction.php(50): UcController->actionSynlogin()
#2 F:\build\pesxp\Server\pesxp\yii\framework\web\CController.php(309): CInlineAction->runWithParams()
#3 F:\build\pesxp\Server\pesxp\yii\framework\web\CController.php(287): UcController->runAction()
#4 F:\build\pesxp\Server\pesxp\yii\framework\web\CController.php(266): UcController->runActionWithFilters()
#5 F:\build\pesxp\Server\pesxp\yii\framework\web\CWebApplication.php(276): UcController->run()
#6 F:\build\pesxp\Server\pesxp\protected\components\UcApplication.php(55): UcApplication->runController()
#7 F:\build\pesxp\Server\pesxp\yii\framework\base\CApplication.php(162): UcApplication->processRequest()
#8 F:\build\pesxp\Server\pesxp\api\uc.php(35): UcApplication->run()
REQUEST_URI=/api/uc.php?time=1345879189&code=1dcfj30Ace7IHheLgsJkQNVdwdIm%2FRgo3mhP6AYwkIpIMxtE%2FJuFrw2VRz7wc5uSIykY5t07mYTSBQDIPzZWOVFOl27NLCYLSoE2C%2FDrERjS1FstskW%2BBEsc9XPNs8ZegxSrGQOElet272BJ67rYx4BXDZ12iWAIW%2F6a
in F:\build\pesxp\Server\pesxp\protected\controllers\UcController.php (71)
in F:\build\pesxp\Server\pesxp\protected\components\UcApplication.php (55)
in F:\build\pesxp\Server\pesxp\api\uc.php (35)
2012/08/25 09:19:50 [info] [application] dddddddddddddddd
in F:\build\pesxp\Server\pesxp\protected\components\UcApplication.php (60)
in F:\build\pesxp\Server\pesxp\protected\components\UcApplication.php (25)
in F:\build\pesxp\Server\pesxp\protected\components\UcApplication.php (17)
2012/08/25 09:19:50 [error] [php] include(UcUserIdentity.php) [<a href='function.include'>function.include</a>]: failed to open stream: No such file or directory (F:\build\pesxp\Server\pesxp\yii\framework\YiiBase.php:418)
Stack trace:
#0 F:\build\pesxp\Server\pesxp\protected\controllers\UcController.php(71): spl_autoload_call()
#1 F:\build\pesxp\Server\pesxp\yii\framework\web\actions\CInlineAction.php(50): UcController->actionSynlogin()
#2 F:\build\pesxp\Server\pesxp\yii\framework\web\CController.php(309): CInlineAction->runWithParams()
#3 F:\build\pesxp\Server\pesxp\yii\framework\web\CController.php(287): UcController->runAction()
#4 F:\build\pesxp\Server\pesxp\yii\framework\web\CController.php(266): UcController->runActionWithFilters()
#5 F:\build\pesxp\Server\pesxp\yii\framework\web\CWebApplication.php(276): UcController->run()
#6 F:\build\pesxp\Server\pesxp\protected\components\UcApplication.php(55): UcApplication->runController()
#7 F:\build\pesxp\Server\pesxp\yii\framework\base\CApplication.php(162): UcApplication->processRequest()
#8 F:\build\pesxp\Server\pesxp\api\uc.php(35): UcApplication->run()
REQUEST_URI=/api/uc.php?time=1345879189&code=1dcfj30Ace7IHheLgsJkQNVdwdIm%2FRgo3mhP6AYwkIpIMxtE%2FJuFrw2VRz7wc5uSIykY5t07mYTSBQDIPzZWOVFOl27NLCYLSoE2C%2FDrERjS1FstskW%2BBEsc9XPNs8ZegxSrGQOElet272BJ67rYx4BXDZ12iWAIW%2F6a
in F:\build\pesxp\Server\pesxp\protected\controllers\UcController.php (71)
in F:\build\pesxp\Server\pesxp\protected\components\UcApplication.php (55)
in F:\build\pesxp\Server\pesxp\api\uc.php (35)
2012/08/25 09:23:18 [info] [application] dddddddddddddddd
in F:\build\pesxp\Server\pesxp\protected\components\UcApplication.php (60)
in F:\build\pesxp\Server\pesxp\protected\components\UcApplication.php (25)
in F:\build\pesxp\Server\pesxp\protected\components\UcApplication.php (17)
2012/08/25 09:23:18 [error] [php] include(UcUserIdentity.php) [<a href='function.include'>function.include</a>]: failed to open stream: No such file or directory (F:\build\pesxp\Server\pesxp\yii\framework\YiiBase.php:418)
Stack trace:
#0 F:\build\pesxp\Server\pesxp\protected\controllers\UcController.php(71): spl_autoload_call()
#1 F:\build\pesxp\Server\pesxp\yii\framework\web\actions\CInlineAction.php(50): UcController->actionSynlogin()
#2 F:\build\pesxp\Server\pesxp\yii\framework\web\CController.php(309): CInlineAction->runWithParams()
#3 F:\build\pesxp\Server\pesxp\yii\framework\web\CController.php(287): UcController->runAction()
#4 F:\build\pesxp\Server\pesxp\yii\framework\web\CController.php(266): UcController->runActionWithFilters()
#5 F:\build\pesxp\Server\pesxp\yii\framework\web\CWebApplication.php(276): UcController->run()
#6 F:\build\pesxp\Server\pesxp\protected\components\UcApplication.php(55): UcApplication->runController()
#7 F:\build\pesxp\Server\pesxp\yii\framework\base\CApplication.php(162): UcApplication->processRequest()
#8 F:\build\pesxp\Server\pesxp\api\uc.php(35): UcApplication->run()
REQUEST_URI=/api/uc.php?time=1345879189&code=1dcfj30Ace7IHheLgsJkQNVdwdIm%2FRgo3mhP6AYwkIpIMxtE%2FJuFrw2VRz7wc5uSIykY5t07mYTSBQDIPzZWOVFOl27NLCYLSoE2C%2FDrERjS1FstskW%2BBEsc9XPNs8ZegxSrGQOElet272BJ67rYx4BXDZ12iWAIW%2F6a
in F:\build\pesxp\Server\pesxp\protected\controllers\UcController.php (71)
in F:\build\pesxp\Server\pesxp\protected\components\UcApplication.php (55)
in F:\build\pesxp\Server\pesxp\api\uc.php (35)
2012/08/25 09:25:20 [info] [application] dddddddddddddddd
in F:\build\pesxp\Server\pesxp\protected\components\UcApplication.php (60)
in F:\build\pesxp\Server\pesxp\protected\components\UcApplication.php (25)
in F:\build\pesxp\Server\pesxp\protected\components\UcApplication.php (17)
2012/08/25 09:25:20 [error] [php] Missing argument 2 for CUserIdentity::__construct(), called in F:\build\pesxp\Server\pesxp\protected\controllers\UcController.php on line 71 and defined (F:\build\pesxp\Server\pesxp\yii\framework\web\auth\CUserIdentity.php:44)
Stack trace:
#0 F:\build\pesxp\Server\pesxp\yii\framework\web\CController.php(309): CInlineAction->runWithParams()
#1 F:\build\pesxp\Server\pesxp\yii\framework\web\CController.php(287): UcController->runAction()
#2 F:\build\pesxp\Server\pesxp\yii\framework\web\CController.php(266): UcController->runActionWithFilters()
#3 F:\build\pesxp\Server\pesxp\yii\framework\web\CWebApplication.php(276): UcController->run()
#4 F:\build\pesxp\Server\pesxp\protected\components\UcApplication.php(55): UcApplication->runController()
#5 F:\build\pesxp\Server\pesxp\yii\framework\base\CApplication.php(162): UcApplication->processRequest()
#6 F:\build\pesxp\Server\pesxp\api\uc.php(35): UcApplication->run()
REQUEST_URI=/api/uc.php?time=1345879189&code=1dcfj30Ace7IHheLgsJkQNVdwdIm%2FRgo3mhP6AYwkIpIMxtE%2FJuFrw2VRz7wc5uSIykY5t07mYTSBQDIPzZWOVFOl27NLCYLSoE2C%2FDrERjS1FstskW%2BBEsc9XPNs8ZegxSrGQOElet272BJ67rYx4BXDZ12iWAIW%2F6a
in F:\build\pesxp\Server\pesxp\protected\controllers\UcController.php (71)
in F:\build\pesxp\Server\pesxp\protected\components\UcApplication.php (55)
in F:\build\pesxp\Server\pesxp\api\uc.php (35)
2012/08/25 09:25:21 [info] [application] dddddddddddddddd
in F:\build\pesxp\Server\pesxp\protected\components\UcApplication.php (60)
in F:\build\pesxp\Server\pesxp\protected\components\UcApplication.php (25)
in F:\build\pesxp\Server\pesxp\protected\components\UcApplication.php (17)
2012/08/25 09:25:21 [error] [php] Missing argument 2 for CUserIdentity::__construct(), called in F:\build\pesxp\Server\pesxp\protected\controllers\UcController.php on line 71 and defined (F:\build\pesxp\Server\pesxp\yii\framework\web\auth\CUserIdentity.php:44)
Stack trace:
#0 F:\build\pesxp\Server\pesxp\yii\framework\web\CController.php(309): CInlineAction->runWithParams()
#1 F:\build\pesxp\Server\pesxp\yii\framework\web\CController.php(287): UcController->runAction()
#2 F:\build\pesxp\Server\pesxp\yii\framework\web\CController.php(266): UcController->runActionWithFilters()
#3 F:\build\pesxp\Server\pesxp\yii\framework\web\CWebApplication.php(276): UcController->run()
#4 F:\build\pesxp\Server\pesxp\protected\components\UcApplication.php(55): UcApplication->runController()
#5 F:\build\pesxp\Server\pesxp\yii\framework\base\CApplication.php(162): UcApplication->processRequest()
#6 F:\build\pesxp\Server\pesxp\api\uc.php(35): UcApplication->run()
REQUEST_URI=/api/uc.php?time=1345879189&code=1dcfj30Ace7IHheLgsJkQNVdwdIm%2FRgo3mhP6AYwkIpIMxtE%2FJuFrw2VRz7wc5uSIykY5t07mYTSBQDIPzZWOVFOl27NLCYLSoE2C%2FDrERjS1FstskW%2BBEsc9XPNs8ZegxSrGQOElet272BJ67rYx4BXDZ12iWAIW%2F6a
in F:\build\pesxp\Server\pesxp\protected\controllers\UcController.php (71)
in F:\build\pesxp\Server\pesxp\protected\components\UcApplication.php (55)
in F:\build\pesxp\Server\pesxp\api\uc.php (35)
2012/08/25 09:25:21 [info] [application] dddddddddddddddd
in F:\build\pesxp\Server\pesxp\protected\components\UcApplication.php (60)
in F:\build\pesxp\Server\pesxp\protected\components\UcApplication.php (25)
in F:\build\pesxp\Server\pesxp\protected\components\UcApplication.php (17)
2012/08/25 09:25:21 [error] [php] Missing argument 2 for CUserIdentity::__construct(), called in F:\build\pesxp\Server\pesxp\protected\controllers\UcController.php on line 71 and defined (F:\build\pesxp\Server\pesxp\yii\framework\web\auth\CUserIdentity.php:44)
Stack trace:
#0 F:\build\pesxp\Server\pesxp\yii\framework\web\CController.php(309): CInlineAction->runWithParams()
#1 F:\build\pesxp\Server\pesxp\yii\framework\web\CController.php(287): UcController->runAction()
#2 F:\build\pesxp\Server\pesxp\yii\framework\web\CController.php(266): UcController->runActionWithFilters()
#3 F:\build\pesxp\Server\pesxp\yii\framework\web\CWebApplication.php(276): UcController->run()
#4 F:\build\pesxp\Server\pesxp\protected\components\UcApplication.php(55): UcApplication->runController()
#5 F:\build\pesxp\Server\pesxp\yii\framework\base\CApplication.php(162): UcApplication->processRequest()
#6 F:\build\pesxp\Server\pesxp\api\uc.php(35): UcApplication->run()
REQUEST_URI=/api/uc.php?time=1345879189&code=1dcfj30Ace7IHheLgsJkQNVdwdIm%2FRgo3mhP6AYwkIpIMxtE%2FJuFrw2VRz7wc5uSIykY5t07mYTSBQDIPzZWOVFOl27NLCYLSoE2C%2FDrERjS1FstskW%2BBEsc9XPNs8ZegxSrGQOElet272BJ67rYx4BXDZ12iWAIW%2F6a
in F:\build\pesxp\Server\pesxp\protected\controllers\UcController.php (71)
in F:\build\pesxp\Server\pesxp\protected\components\UcApplication.php (55)
in F:\build\pesxp\Server\pesxp\api\uc.php (35)
2012/08/25 09:28:10 [info] [application] dddddddddddddddd
in F:\build\pesxp\Server\pesxp\protected\components\UcApplication.php (60)
in F:\build\pesxp\Server\pesxp\protected\components\UcApplication.php (25)
in F:\build\pesxp\Server\pesxp\protected\components\UcApplication.php (17)
2012/08/25 09:28:10 [error] [exception.CException] exception 'CException' with message 'Property "User.this_login_time" is not defined.' in F:\build\pesxp\Server\pesxp\yii\framework\base\CComponent.php:131
Stack trace:
#0 F:\build\pesxp\Server\pesxp\yii\framework\db\ar\CActiveRecord.php(144): CComponent->__get('this_login_time')
#1 F:\build\pesxp\Server\pesxp\protected\components\UcUserIdentity.php(54): CActiveRecord->__get('this_login_time')
#2 F:\build\pesxp\Server\pesxp\protected\controllers\UcController.php(73): UcUserIdentity->authenticate()
#3 F:\build\pesxp\Server\pesxp\yii\framework\web\actions\CInlineAction.php(50): UcController->actionSynlogin()
#4 F:\build\pesxp\Server\pesxp\yii\framework\web\CController.php(309): CInlineAction->runWithParams(Array)
#5 F:\build\pesxp\Server\pesxp\yii\framework\web\CController.php(287): CController->runAction(Object(CInlineAction))
#6 F:\build\pesxp\Server\pesxp\yii\framework\web\CController.php(266): CController->runActionWithFilters(Object(CInlineAction), Array)
#7 F:\build\pesxp\Server\pesxp\yii\framework\web\CWebApplication.php(276): CController->run('synlogin')
#8 F:\build\pesxp\Server\pesxp\protected\components\UcApplication.php(55): CWebApplication->runController('Uc/synlogin')
#9 F:\build\pesxp\Server\pesxp\yii\framework\base\CApplication.php(162): UcApplication->processRequest()
#10 F:\build\pesxp\Server\pesxp\api\uc.php(35): CApplication->run()
#11 {main}
REQUEST_URI=/api/uc.php?time=1345879189&code=1dcfj30Ace7IHheLgsJkQNVdwdIm%2FRgo3mhP6AYwkIpIMxtE%2FJuFrw2VRz7wc5uSIykY5t07mYTSBQDIPzZWOVFOl27NLCYLSoE2C%2FDrERjS1FstskW%2BBEsc9XPNs8ZegxSrGQOElet272BJ67rYx4BXDZ12iWAIW%2F6a
---
2012/08/25 09:28:41 [info] [application] dddddddddddddddd
in F:\build\pesxp\Server\pesxp\protected\components\UcApplication.php (60)
in F:\build\pesxp\Server\pesxp\protected\components\UcApplication.php (25)
in F:\build\pesxp\Server\pesxp\protected\components\UcApplication.php (17)
2012/08/25 09:29:18 [info] [application] dddddddddddddddd
in F:\build\pesxp\Server\pesxp\protected\components\UcApplication.php (60)
in F:\build\pesxp\Server\pesxp\protected\components\UcApplication.php (25)
in F:\build\pesxp\Server\pesxp\protected\components\UcApplication.php (17)
2012/08/25 09:29:18 [info] [application] dddddddddddddddd
in F:\build\pesxp\Server\pesxp\protected\components\UcApplication.php (60)
in F:\build\pesxp\Server\pesxp\protected\components\UcApplication.php (25)
in F:\build\pesxp\Server\pesxp\protected\components\UcApplication.php (17)
2012/08/25 09:29:23 [info] [application] dddddddddddddddd
in F:\build\pesxp\Server\pesxp\protected\components\UcApplication.php (60)
in F:\build\pesxp\Server\pesxp\protected\components\UcApplication.php (25)
in F:\build\pesxp\Server\pesxp\protected\components\UcApplication.php (17)
2012/08/25 09:29:39 [info] [application] dddddddddddddddd
in F:\build\pesxp\Server\pesxp\protected\components\UcApplication.php (60)
in F:\build\pesxp\Server\pesxp\protected\components\UcApplication.php (25)
in F:\build\pesxp\Server\pesxp\protected\components\UcApplication.php (17)
2012/08/25 09:29:45 [info] [application] dddddddddddddddd
in F:\build\pesxp\Server\pesxp\protected\components\UcApplication.php (60)
in F:\build\pesxp\Server\pesxp\protected\components\UcApplication.php (25)
in F:\build\pesxp\Server\pesxp\protected\components\UcApplication.php (17)
2012/08/25 09:30:10 [info] [application] dddddddddddddddd
in F:\build\pesxp\Server\pesxp\protected\components\UcApplication.php (60)
in F:\build\pesxp\Server\pesxp\protected\components\UcApplication.php (25)
in F:\build\pesxp\Server\pesxp\protected\components\UcApplication.php (17)
2012/08/25 09:30:25 [info] [application] dddddddddddddddd
in F:\build\pesxp\Server\pesxp\protected\components\UcApplication.php (60)
in F:\build\pesxp\Server\pesxp\protected\components\UcApplication.php (25)
in F:\build\pesxp\Server\pesxp\protected\components\UcApplication.php (17)
2012/08/25 09:30:31 [info] [application] dddddddddddddddd
in F:\build\pesxp\Server\pesxp\protected\components\UcApplication.php (60)
in F:\build\pesxp\Server\pesxp\protected\components\UcApplication.php (25)
in F:\build\pesxp\Server\pesxp\protected\components\UcApplication.php (17)
2012/08/25 09:30:31 [info] [application] dddddddddddddddd
in F:\build\pesxp\Server\pesxp\protected\components\UcApplication.php (60)
in F:\build\pesxp\Server\pesxp\protected\components\UcApplication.php (25)
in F:\build\pesxp\Server\pesxp\protected\components\UcApplication.php (17)
2012/08/25 11:59:18 [info] [application] dddddddddddddddd
in F:\build\pesxp\Server\pesxp\protected\components\UcApplication.php (60)
in F:\build\pesxp\Server\pesxp\protected\components\UcApplication.php (25)
in F:\build\pesxp\Server\pesxp\protected\components\UcApplication.php (17)
2012/08/27 17:53:56 [info] [application] dddddddddddddddd
in F:\build\pesxp\Server\pesxp\protected\components\UcApplication.php (60)
in F:\build\pesxp\Server\pesxp\protected\components\UcApplication.php (25)
in F:\build\pesxp\Server\pesxp\protected\components\UcApplication.php (17)
2012/08/27 17:54:18 [info] [application] dddddddddddddddd
in F:\build\pesxp\Server\pesxp\protected\components\UcApplication.php (60)
in F:\build\pesxp\Server\pesxp\protected\components\UcApplication.php (25)
in F:\build\pesxp\Server\pesxp\protected\components\UcApplication.php (17)
2012/08/27 17:54:52 [info] [application] dddddddddddddddd
in F:\build\pesxp\Server\pesxp\protected\components\UcApplication.php (60)
in F:\build\pesxp\Server\pesxp\protected\components\UcApplication.php (25)
in F:\build\pesxp\Server\pesxp\protected\components\UcApplication.php (17)
2012/08/27 17:55:21 [info] [application] dddddddddddddddd
in F:\build\pesxp\Server\pesxp\protected\components\UcApplication.php (60)
in F:\build\pesxp\Server\pesxp\protected\components\UcApplication.php (25)
in F:\build\pesxp\Server\pesxp\protected\components\UcApplication.php (17)
2012/08/27 17:55:35 [info] [application] dddddddddddddddd
in F:\build\pesxp\Server\pesxp\protected\components\UcApplication.php (60)
in F:\build\pesxp\Server\pesxp\protected\components\UcApplication.php (25)
in F:\build\pesxp\Server\pesxp\protected\components\UcApplication.php (17)
2012/08/27 17:56:10 [info] [application] dddddddddddddddd
in F:\build\pesxp\Server\pesxp\protected\components\UcApplication.php (60)
in F:\build\pesxp\Server\pesxp\protected\components\UcApplication.php (25)
in F:\build\pesxp\Server\pesxp\protected\components\UcApplication.php (17)
